0 info it worked if it ends with ok
1 verbose cli [ 'node',
1 verbose cli   '/home/jrg/.nvm/versions/node/v0.12.7/bin/npm',
1 verbose cli   'start' ]
2 info using npm@3.3.3
3 info using node@v0.12.7
4 verbose run-script [ 'prestart', 'start', 'poststart' ]
5 info lifecycle shitonharper@0.0.0~prestart: shitonharper@0.0.0
6 silly lifecycle shitonharper@0.0.0~prestart: no script for prestart, continuing
7 info lifecycle shitonharper@0.0.0~start: shitonharper@0.0.0
8 verbose lifecycle shitonharper@0.0.0~start: unsafe-perm in lifecycle true
9 verbose lifecycle shitonharper@0.0.0~start: PATH: /home/jrg/.nvm/versions/node/v0.12.7/lib/node_modules/npm/bin/node-gyp-bin:/home/jrg/shitonharper/node_modules/.bin:/home/jrg/.dnx/runtimes/dnx-mono.1.0.0-beta8-15618/bin:/home/jrg/.dnx/bin:/home/jrg/.nvm/versions/node/v0.12.7/bin:/usr/local/sbin:/usr/local/bin:/usr/sbin:/usr/bin:/sbin:/bin:/usr/games:/usr/local/games
10 verbose lifecycle shitonharper@0.0.0~start: CWD: /home/jrg/shitonharper
11 silly lifecycle shitonharper@0.0.0~start: Args: [ '-c', 'node ./bin/www' ]
12 silly lifecycle shitonharper@0.0.0~start: Returned: code: 1  signal: null
13 info lifecycle shitonharper@0.0.0~start: Failed to exec start script
14 verbose stack Error: shitonharper@0.0.0 start: `node ./bin/www`
14 verbose stack Exit status 1
14 verbose stack     at EventEmitter.<anonymous> (/home/jrg/.nvm/versions/node/v0.12.7/lib/node_modules/npm/lib/utils/lifecycle.js:233:16)
14 verbose stack     at EventEmitter.emit (events.js:110:17)
14 verbose stack     at ChildProcess.<anonymous> (/home/jrg/.nvm/versions/node/v0.12.7/lib/node_modules/npm/lib/utils/spawn.js:24:14)
14 verbose stack     at ChildProcess.emit (events.js:110:17)
14 verbose stack     at maybeClose (child_process.js:1015:16)
14 verbose stack     at Process.ChildProcess._handle.onexit (child_process.js:1087:5)
15 verbose pkgid shitonharper@0.0.0
16 verbose cwd /home/jrg/shitonharper
17 error Linux 3.19.0-28-generic
18 error argv "node" "/home/jrg/.nvm/versions/node/v0.12.7/bin/npm" "start"
19 error node v0.12.7
20 error npm  v3.3.3
21 error code ELIFECYCLE
22 error shitonharper@0.0.0 start: `node ./bin/www`
22 error Exit status 1
23 error Failed at the shitonharper@0.0.0 start script 'node ./bin/www'.
23 error This is most likely a problem with the shitonharper package,
23 error not with npm itself.
23 error Tell the author that this fails on your system:
23 error     node ./bin/www
23 error You can get their info via:
23 error     npm owner ls shitonharper
23 error There is likely additional logging output above.
24 verbose exit [ 1, true ]
